C:\Users\ahasa_000\source\repos\Angular2Demo\Angular2Demo.Client\src\app\app.component.js
C:\Users\ahasa_000\source\repos\Angular2Demo\Angular2Demo.Client\src\app\app.component.js.map
C:\Users\ahasa_000\source\repos\Angular2Demo\Angular2Demo.Client\src\app\employees\shared\employee.js
C:\Users\ahasa_000\source\repos\Angular2Demo\Angular2Demo.Client\src\app\employees\shared\employee.js.map
C:\Users\ahasa_000\source\repos\Angular2Demo\Angular2Demo.Client\src\app\employees\shared\employee.service.js
C:\Users\ahasa_000\source\repos\Angular2Demo\Angular2Demo.Client\src\app\employees\shared\employee.service.js.map
C:\Users\ahasa_000\source\repos\Angular2Demo\Angular2Demo.Client\src\app\employees\employee\employee.component.js
C:\Users\ahasa_000\source\repos\Angular2Demo\Angular2Demo.Client\src\app\employees\employee\employee.component.js.map
C:\Users\ahasa_000\source\repos\Angular2Demo\Angular2Demo.Client\src\app\teacher\teacher.component.js
C:\Users\ahasa_000\source\repos\Angular2Demo\Angular2Demo.Client\src\app\teacher\teacher.component.js.map
C:\Users\ahasa_000\source\repos\Angular2Demo\Angular2Demo.Client\src\app\home\home.component.js
C:\Users\ahasa_000\source\repos\Angular2Demo\Angular2Demo.Client\src\app\home\home.component.js.map
C:\Users\ahasa_000\source\repos\Angular2Demo\Angular2Demo.Client\src\app\other\other.component.js
C:\Users\ahasa_000\source\repos\Angular2Demo\Angular2Demo.Client\src\app\other\other.component.js.map
C:\Users\ahasa_000\source\repos\Angular2Demo\Angular2Demo.Client\src\app\employees\employees.component.js
C:\Users\ahasa_000\source\repos\Angular2Demo\Angular2Demo.Client\src\app\employees\employees.component.js.map
C:\Users\ahasa_000\source\repos\Angular2Demo\Angular2Demo.Client\src\app\employees\employee-list\employee-list.component.js
C:\Users\ahasa_000\source\repos\Angular2Demo\Angular2Demo.Client\src\app\employees\employee-list\employee-list.component.js.map
C:\Users\ahasa_000\source\repos\Angular2Demo\Angular2Demo.Client\src\app\app.module.js
C:\Users\ahasa_000\source\repos\Angular2Demo\Angular2Demo.Client\src\app\app.module.js.map
C:\Users\ahasa_000\source\repos\Angular2Demo\Angular2Demo.Client\src\main.js
C:\Users\ahasa_000\source\repos\Angular2Demo\Angular2Demo.Client\src\main.js.map
C:\Users\ahasa_000\source\repos\Angular2Demo\Angular2Demo.Client\src\app\app.component.spec.js
C:\Users\ahasa_000\source\repos\Angular2Demo\Angular2Demo.Client\src\app\app.component.spec.js.map
C:\Users\ahasa_000\source\repos\Angular2Demo\Angular2Demo.Client\src\app\app.component.js
C:\Users\ahasa_000\source\repos\Angular2Demo\Angular2Demo.Client\src\app\app.component.js.map
C:\Users\ahasa_000\source\repos\Angular2Demo\Angular2Demo.Client\src\app\employees\shared\employee.js
C:\Users\ahasa_000\source\repos\Angular2Demo\Angular2Demo.Client\src\app\employees\shared\employee.js.map
C:\Users\ahasa_000\source\repos\Angular2Demo\Angular2Demo.Client\src\app\employees\shared\employee.service.js
C:\Users\ahasa_000\source\repos\Angular2Demo\Angular2Demo.Client\src\app\employees\shared\employee.service.js.map
C:\Users\ahasa_000\source\repos\Angular2Demo\Angular2Demo.Client\src\app\employees\employee\employee.component.js
C:\Users\ahasa_000\source\repos\Angular2Demo\Angular2Demo.Client\src\app\employees\employee\employee.component.js.map
C:\Users\ahasa_000\source\repos\Angular2Demo\Angular2Demo.Client\src\app\teacher\teacher.component.js
C:\Users\ahasa_000\source\repos\Angular2Demo\Angular2Demo.Client\src\app\teacher\teacher.component.js.map
C:\Users\ahasa_000\source\repos\Angular2Demo\Angular2Demo.Client\src\app\home\home.component.js
C:\Users\ahasa_000\source\repos\Angular2Demo\Angular2Demo.Client\src\app\home\home.component.js.map
C:\Users\ahasa_000\source\repos\Angular2Demo\Angular2Demo.Client\src\app\other\other.component.js
C:\Users\ahasa_000\source\repos\Angular2Demo\Angular2Demo.Client\src\app\other\other.component.js.map
C:\Users\ahasa_000\source\repos\Angular2Demo\Angular2Demo.Client\src\app\employees\employees.component.js
C:\Users\ahasa_000\source\repos\Angular2Demo\Angular2Demo.Client\src\app\employees\employees.component.js.map
C:\Users\ahasa_000\source\repos\Angular2Demo\Angular2Demo.Client\src\app\employees\employee-list\employee-list.component.js
C:\Users\ahasa_000\source\repos\Angular2Demo\Angular2Demo.Client\src\app\employees\employee-list\employee-list.component.js.map
C:\Users\ahasa_000\source\repos\Angular2Demo\Angular2Demo.Client\src\app\app.module.js
C:\Users\ahasa_000\source\repos\Angular2Demo\Angular2Demo.Client\src\app\app.module.js.map
C:\Users\ahasa_000\source\repos\Angular2Demo\Angular2Demo.Client\src\main.js
C:\Users\ahasa_000\source\repos\Angular2Demo\Angular2Demo.Client\src\main.js.map
C:\Users\ahasa_000\source\repos\Angular2Demo\Angular2Demo.Client\src\app\app.component.spec.js
C:\Users\ahasa_000\source\repos\Angular2Demo\Angular2Demo.Client\src\app\app.component.spec.js.map
C:\Users\ahasa_000\source\repos\Angular2Demo\Angular2Demo.Client\src\app\app.component.js
C:\Users\ahasa_000\source\repos\Angular2Demo\Angular2Demo.Client\src\app\app.component.js.map
C:\Users\ahasa_000\source\repos\Angular2Demo\Angular2Demo.Client\src\app\employees\shared\employee.js
C:\Users\ahasa_000\source\repos\Angular2Demo\Angular2Demo.Client\src\app\employees\shared\employee.js.map
C:\Users\ahasa_000\source\repos\Angular2Demo\Angular2Demo.Client\src\app\employees\shared\employee.service.js
C:\Users\ahasa_000\source\repos\Angular2Demo\Angular2Demo.Client\src\app\employees\shared\employee.service.js.map
C:\Users\ahasa_000\source\repos\Angular2Demo\Angular2Demo.Client\src\app\employees\employee\employee.component.js
C:\Users\ahasa_000\source\repos\Angular2Demo\Angular2Demo.Client\src\app\employees\employee\employee.component.js.map
C:\Users\ahasa_000\source\repos\Angular2Demo\Angular2Demo.Client\src\app\teacher\teacher.component.js
C:\Users\ahasa_000\source\repos\Angular2Demo\Angular2Demo.Client\src\app\teacher\teacher.component.js.map
C:\Users\ahasa_000\source\repos\Angular2Demo\Angular2Demo.Client\src\app\home\home.component.js
C:\Users\ahasa_000\source\repos\Angular2Demo\Angular2Demo.Client\src\app\home\home.component.js.map
C:\Users\ahasa_000\source\repos\Angular2Demo\Angular2Demo.Client\src\app\other\other.component.js
C:\Users\ahasa_000\source\repos\Angular2Demo\Angular2Demo.Client\src\app\other\other.component.js.map
C:\Users\ahasa_000\source\repos\Angular2Demo\Angular2Demo.Client\src\app\employees\employees.component.js
C:\Users\ahasa_000\source\repos\Angular2Demo\Angular2Demo.Client\src\app\employees\employees.component.js.map
C:\Users\ahasa_000\source\repos\Angular2Demo\Angular2Demo.Client\src\app\employees\employee-list\employee-list.component.js
C:\Users\ahasa_000\source\repos\Angular2Demo\Angular2Demo.Client\src\app\employees\employee-list\employee-list.component.js.map
C:\Users\ahasa_000\source\repos\Angular2Demo\Angular2Demo.Client\src\app\app.module.js
C:\Users\ahasa_000\source\repos\Angular2Demo\Angular2Demo.Client\src\app\app.module.js.map
C:\Users\ahasa_000\source\repos\Angular2Demo\Angular2Demo.Client\src\main.js
C:\Users\ahasa_000\source\repos\Angular2Demo\Angular2Demo.Client\src\main.js.map
C:\Users\ahasa_000\source\repos\Angular2Demo\Angular2Demo.Client\src\app\app.component.spec.js
C:\Users\ahasa_000\source\repos\Angular2Demo\Angular2Demo.Client\src\app\app.component.spec.js.map
C:\Users\ahasa_000\source\repos\Angular2Demo\Angular2Demo.Client\src\app\app.component.js
C:\Users\ahasa_000\source\repos\Angular2Demo\Angular2Demo.Client\src\app\app.component.js.map
C:\Users\ahasa_000\source\repos\Angular2Demo\Angular2Demo.Client\src\app\employees\shared\employee.js
C:\Users\ahasa_000\source\repos\Angular2Demo\Angular2Demo.Client\src\app\employees\shared\employee.js.map
C:\Users\ahasa_000\source\repos\Angular2Demo\Angular2Demo.Client\src\app\employees\shared\employee.service.js
C:\Users\ahasa_000\source\repos\Angular2Demo\Angular2Demo.Client\src\app\employees\shared\employee.service.js.map
C:\Users\ahasa_000\source\repos\Angular2Demo\Angular2Demo.Client\src\app\employees\employee\employee.component.js
C:\Users\ahasa_000\source\repos\Angular2Demo\Angular2Demo.Client\src\app\employees\employee\employee.component.js.map
C:\Users\ahasa_000\source\repos\Angular2Demo\Angular2Demo.Client\src\app\teacher\teacher.component.js
C:\Users\ahasa_000\source\repos\Angular2Demo\Angular2Demo.Client\src\app\teacher\teacher.component.js.map
C:\Users\ahasa_000\source\repos\Angular2Demo\Angular2Demo.Client\src\app\home\home.component.js
C:\Users\ahasa_000\source\repos\Angular2Demo\Angular2Demo.Client\src\app\home\home.component.js.map
C:\Users\ahasa_000\source\repos\Angular2Demo\Angular2Demo.Client\src\app\other\other.component.js
C:\Users\ahasa_000\source\repos\Angular2Demo\Angular2Demo.Client\src\app\other\other.component.js.map
C:\Users\ahasa_000\source\repos\Angular2Demo\Angular2Demo.Client\src\app\employees\employees.component.js
C:\Users\ahasa_000\source\repos\Angular2Demo\Angular2Demo.Client\src\app\employees\employees.component.js.map
C:\Users\ahasa_000\source\repos\Angular2Demo\Angular2Demo.Client\src\app\employees\employee-list\employee-list.component.js
C:\Users\ahasa_000\source\repos\Angular2Demo\Angular2Demo.Client\src\app\employees\employee-list\employee-list.component.js.map
C:\Users\ahasa_000\source\repos\Angular2Demo\Angular2Demo.Client\src\app\app.module.js
C:\Users\ahasa_000\source\repos\Angular2Demo\Angular2Demo.Client\src\app\app.module.js.map
C:\Users\ahasa_000\source\repos\Angular2Demo\Angular2Demo.Client\src\main.js
C:\Users\ahasa_000\source\repos\Angular2Demo\Angular2Demo.Client\src\main.js.map
C:\Users\ahasa_000\source\repos\Angular2Demo\Angular2Demo.Client\src\app\app.component.spec.js
C:\Users\ahasa_000\source\repos\Angular2Demo\Angular2Demo.Client\src\app\app.component.spec.js.map
C:\Users\ahasa_000\source\repos\Angular2Demo\Angular2Demo.Client\src\app\app.component.js
C:\Users\ahasa_000\source\repos\Angular2Demo\Angular2Demo.Client\src\app\app.component.js.map
C:\Users\ahasa_000\source\repos\Angular2Demo\Angular2Demo.Client\src\app\employees\shared\employee.js
C:\Users\ahasa_000\source\repos\Angular2Demo\Angular2Demo.Client\src\app\employees\shared\employee.js.map
C:\Users\ahasa_000\source\repos\Angular2Demo\Angular2Demo.Client\src\app\employees\shared\employee.service.js
C:\Users\ahasa_000\source\repos\Angular2Demo\Angular2Demo.Client\src\app\employees\shared\employee.service.js.map
C:\Users\ahasa_000\source\repos\Angular2Demo\Angular2Demo.Client\src\app\employees\employee\employee.component.js
C:\Users\ahasa_000\source\repos\Angular2Demo\Angular2Demo.Client\src\app\employees\employee\employee.component.js.map
C:\Users\ahasa_000\source\repos\Angular2Demo\Angular2Demo.Client\src\app\teacher\teacher.component.js
C:\Users\ahasa_000\source\repos\Angular2Demo\Angular2Demo.Client\src\app\teacher\teacher.component.js.map
C:\Users\ahasa_000\source\repos\Angular2Demo\Angular2Demo.Client\src\app\home\home.component.js
C:\Users\ahasa_000\source\repos\Angular2Demo\Angular2Demo.Client\src\app\home\home.component.js.map
C:\Users\ahasa_000\source\repos\Angular2Demo\Angular2Demo.Client\src\app\other\other.component.js
C:\Users\ahasa_000\source\repos\Angular2Demo\Angular2Demo.Client\src\app\other\other.component.js.map
C:\Users\ahasa_000\source\repos\Angular2Demo\Angular2Demo.Client\src\app\employees\employees.component.js
C:\Users\ahasa_000\source\repos\Angular2Demo\Angular2Demo.Client\src\app\employees\employees.component.js.map
C:\Users\ahasa_000\source\repos\Angular2Demo\Angular2Demo.Client\src\app\employees\employee-list\employee-list.component.js
C:\Users\ahasa_000\source\repos\Angular2Demo\Angular2Demo.Client\src\app\employees\employee-list\employee-list.component.js.map
C:\Users\ahasa_000\source\repos\Angular2Demo\Angular2Demo.Client\src\app\app.module.js
C:\Users\ahasa_000\source\repos\Angular2Demo\Angular2Demo.Client\src\app\app.module.js.map
C:\Users\ahasa_000\source\repos\Angular2Demo\Angular2Demo.Client\src\main.js
C:\Users\ahasa_000\source\repos\Angular2Demo\Angular2Demo.Client\src\main.js.map
C:\Users\ahasa_000\source\repos\Angular2Demo\Angular2Demo.Client\src\app\app.component.spec.js
C:\Users\ahasa_000\source\repos\Angular2Demo\Angular2Demo.Client\src\app\app.component.spec.js.map
